[debug] [2024-05-14T18:04:05.550Z] ----------------------------------------------------------------------
[debug] [2024-05-14T18:04:05.553Z] Command:       C:\Program Files\nodejs\node.exe C:\Users\steel\AppData\Roaming\npm\node_modules\firebase-tools\lib\bin\firebase.js init functions
[debug] [2024-05-14T18:04:05.554Z] CLI Version:   13.8.3
[debug] [2024-05-14T18:04:05.554Z] Platform:      win32
[debug] [2024-05-14T18:04:05.554Z] Node Version:  v20.10.0
[debug] [2024-05-14T18:04:05.554Z] Time:          Tue May 14 2024 23:34:05 GMT+0530 (India Standard Time)
[debug] [2024-05-14T18:04:05.554Z] ----------------------------------------------------------------------
[debug] 
[debug] [2024-05-14T18:04:05.561Z] > command requires scopes: ["email","openid","https://www.googleapis.com/auth/cloudplatformprojects.readonly","https://www.googleapis.com/auth/firebase","https://www.googleapis.com/auth/cloud-platform"]
[debug] [2024-05-14T18:04:05.562Z] > authorizing via signed-in user (sharonsofi777@gmail.com)
[info] 
     ######## #### ########  ######## ########     ###     ######  ########
     ##        ##  ##     ## ##       ##     ##  ##   ##  ##       ##
     ######    ##  ########  ######   ########  #########  ######  ######
     ##        ##  ##    ##  ##       ##     ## ##     ##       ## ##
     ##       #### ##     ## ######## ########  ##     ##  ######  ########

You're about to initialize a Firebase project in this directory:

  D:\Semester2\Application Development\sb

[info] 
=== Project Setup
[info] 
[info] First, let's associate this project directory with a Firebase project.
[info] You can create multiple project aliases by running firebase use --add, 
[info] but for now we'll just set up a default project.
[info] 
[debug] [2024-05-14T18:30:31.827Z] >>> [apiv2][query] GET https://firebase.googleapis.com/v1beta1/availableProjects pageSize=100
[debug] [2024-05-14T18:30:33.081Z] <<< [apiv2][status] GET https://firebase.googleapis.com/v1beta1/availableProjects 200
[debug] [2024-05-14T18:30:33.082Z] <<< [apiv2][body] GET https://firebase.googleapis.com/v1beta1/availableProjects [omitted]
